2026-02-07T00:33:16.541Z  INFO 10693 --- [main] c.f.assessment.demo.UserControllerTest   : Starting UserControllerTest using Java 21.0.9 with PID 10693 (started by jules in /app)
2026-02-07T00:33:16.562Z DEBUG 10693 --- [main] c.f.assessment.demo.UserControllerTest   : Running with Spring Boot v3.2.5, Spring v6.1.6
2026-02-07T00:33:16.565Z  INFO 10693 --- [main] c.f.assessment.demo.UserControllerTest   : No active profile set, falling back to 1 default profile: "default"
2026-02-07T00:33:17.832Z  INFO 10693 --- [main] .s.d.r.c.RepositoryConfigurationDelegate : Bootstrapping Spring Data JPA repositories in DEFAULT mode.
2026-02-07T00:33:17.951Z  INFO 10693 --- [main] .s.d.r.c.RepositoryConfigurationDelegate : Finished Spring Data repository scanning in 102 ms. Found 1 JPA repository interface.
2026-02-07T00:33:18.779Z  INFO 10693 --- [main] o.hibernate.jpa.internal.util.LogHelper  : HHH000204: Processing PersistenceUnitInfo [name: default]
2026-02-07T00:33:18.877Z  INFO 10693 --- [main] org.hibernate.Version                    : HHH000412: Hibernate ORM core version 6.4.4.Final
2026-02-07T00:33:18.932Z  INFO 10693 --- [main] o.h.c.internal.RegionFactoryInitiator    : HHH000026: Second-level cache disabled
2026-02-07T00:33:19.308Z  INFO 10693 --- [main] o.s.o.j.p.SpringPersistenceUnitInfo      : No LoadTimeWeaver setup: ignoring JPA class transformer
2026-02-07T00:33:19.383Z  INFO 10693 --- [main] com.zaxxer.hikari.HikariDataSource       : HikariPool-1 - Starting...
2026-02-07T00:33:19.706Z  INFO 10693 --- [main] com.zaxxer.hikari.pool.HikariPool        : HikariPool-1 - Added connection conn0: url=jdbc:h2:mem:testdb user=SA
2026-02-07T00:33:19.709Z  INFO 10693 --- [main] com.zaxxer.hikari.HikariDataSource       : HikariPool-1 - Start completed.
2026-02-07T00:33:20.960Z  INFO 10693 --- [main] o.h.e.t.j.p.i.JtaPlatformInitiator       : HHH000489: No JTA platform available (set 'hibernate.transaction.jta.platform' to enable JTA platform integration)
2026-02-07T00:33:21.011Z  INFO 10693 --- [main] j.LocalContainerEntityManagerFactoryBean : Initialized JPA EntityManagerFactory for persistence unit 'default'
2026-02-07T00:33:21.740Z  WARN 10693 --- [main] JpaBaseConfiguration$JpaWebConfiguration : spring.jpa.open-in-view is enabled by default. Therefore, database queries may be performed during view rendering. Explicitly configure spring.jpa.open-in-view to disable this warning
2026-02-07T00:33:22.913Z DEBUG 10693 --- [main] c.f.a.d.c.l.RequestResponseLoggingFilter : Filter 'requestResponseLoggingFilter' configured for use
2026-02-07T00:33:22.918Z  INFO 10693 --- [main] o.s.b.t.m.w.SpringBootMockServletContext : Initializing Spring TestDispatcherServlet ''
2026-02-07T00:33:22.919Z  INFO 10693 --- [main] o.s.t.web.servlet.TestDispatcherServlet  : Initializing Servlet ''
2026-02-07T00:33:22.924Z  INFO 10693 --- [main] o.s.t.web.servlet.TestDispatcherServlet  : Completed initialization in 4 ms
2026-02-07T00:33:22.981Z  INFO 10693 --- [main] c.f.assessment.demo.UserControllerTest   : Started UserControllerTest in 7.386 seconds (process running for 10.137)
2026-02-07T00:33:24.822Z  INFO 10693 --- [main] c.f.a.d.c.l.RequestResponseLoggingFilter : FINISHED PROCESSING : METHOD=POST; REQUEST URI=/api/users; REQUEST PAYLOAD={"name":"John Doe","email":"john@example.com"}; RESPONSE CODE=201; RESPONSE PAYLOAD={"id":1,"name":"John Doe","email":"john@example.com","lastAccessed":null}; TIME TAKEN=293ms
2026-02-07T00:33:25.115Z  INFO 10693 --- [main] c.f.a.d.c.l.RequestResponseLoggingFilter : FINISHED PROCESSING : METHOD=GET; REQUEST URI=/api/users/1; REQUEST PAYLOAD=[EMPTY]; RESPONSE CODE=200; RESPONSE PAYLOAD={"id":1,"name":"John Doe","email":"john@example.com","lastAccessed":"2026-02-07T00:33:25.07954923"}; TIME TAKEN=133ms
2026-02-07T00:33:25.138Z  INFO 10693 --- [main] c.f.a.d.c.l.RequestResponseLoggingFilter : FINISHED PROCESSING : METHOD=PUT; REQUEST URI=/api/users/1; REQUEST PAYLOAD={"name":"Jane Doe","email":"john@example.com"}; RESPONSE CODE=200; RESPONSE PAYLOAD={"id":1,"name":"Jane Doe","email":"john@example.com","lastAccessed":"2026-02-07T00:33:25.079549"}; TIME TAKEN=13ms
2026-02-07T00:33:25.391Z  INFO 10693 --- [main] c.f.a.d.c.l.RequestResponseLoggingFilter : FINISHED PROCESSING : METHOD=GET; REQUEST URI=/api/users/paged; REQUEST PAYLOAD=[EMPTY]; RESPONSE CODE=200; RESPONSE PAYLOAD={"content":[{"id":1,"name":"Jane Doe","email":"john@example.com","lastAccessed":"2026-02-07T00:33:25.079549"}],"pageable":{"pageNumber":0,"pageSize":10,"sort":{"sorted":false,"empty":true,"unsorted":true},"offset":0,"paged":true,"unpaged":false},"last":true,"totalPages":1,"totalElements":1,"first":true,"size":10,"number":0,"sort":{"sorted":false,"empty":true,"unsorted":true},"numberOfElements":1,"empty":false}; TIME TAKEN=246ms
2026-02-07T00:33:26.221Z  INFO 10693 --- [main] c.f.a.d.c.l.RequestResponseLoggingFilter : FINISHED PROCESSING : METHOD=GET; REQUEST URI=/api/external/posts/1; REQUEST PAYLOAD=[EMPTY]; RESPONSE CODE=200; RESPONSE PAYLOAD={"userId":1,"id":1,"title":"sunt aut facere repellat provident occaecati excepturi optio reprehenderit","body":"quia et suscipit\nsuscipit recusandae consequuntur expedita et cum\nreprehenderit molestiae ut ut quas totam\nnostrum rerum est autem sunt rem eveniet architecto"}; TIME TAKEN=828ms
2026-02-07T00:33:26.678Z  INFO 10693 --- [main] c.f.a.d.c.l.RequestResponseLoggingFilter : FINISHED PROCESSING : METHOD=DELETE; REQUEST URI=/api/users/1; REQUEST PAYLOAD=[EMPTY]; RESPONSE CODE=204; RESPONSE PAYLOAD=[EMPTY]; TIME TAKEN=455ms
2026-02-07T00:33:26.723Z  INFO 10693 --- [main] t.c.s.AnnotationConfigContextLoaderUtils : Could not detect default configuration classes for test class [com.farihim.assessment.demo.DemoApplicationTests]: DemoApplicationTests does not declare any static, non-private, non-final, nested classes annotated with @Configuration.
2026-02-07T00:33:26.728Z  INFO 10693 --- [main] .b.t.c.SpringBootTestContextBootstrapper : Found @SpringBootConfiguration com.farihim.assessment.demo.DemoApplication for test class com.farihim.assessment.demo.DemoApplicationTests
2026-02-07T00:33:26.797Z  INFO 10693 --- [main] c.f.a.demo.DemoApplicationTests          : Starting DemoApplicationTests using Java 21.0.9 with PID 10693 (started by jules in /app)
2026-02-07T00:33:26.798Z DEBUG 10693 --- [main] c.f.a.demo.DemoApplicationTests          : Running with Spring Boot v3.2.5, Spring v6.1.6
2026-02-07T00:33:26.799Z  INFO 10693 --- [main] c.f.a.demo.DemoApplicationTests          : No active profile set, falling back to 1 default profile: "default"
2026-02-07T00:33:27.290Z  INFO 10693 --- [main] .s.d.r.c.RepositoryConfigurationDelegate : Bootstrapping Spring Data JPA repositories in DEFAULT mode.
2026-02-07T00:33:27.307Z  INFO 10693 --- [main] .s.d.r.c.RepositoryConfigurationDelegate : Finished Spring Data repository scanning in 16 ms. Found 1 JPA repository interface.
2026-02-07T00:33:27.537Z  INFO 10693 --- [main] o.hibernate.jpa.internal.util.LogHelper  : HHH000204: Processing PersistenceUnitInfo [name: default]
2026-02-07T00:33:27.544Z  INFO 10693 --- [main] o.h.c.internal.RegionFactoryInitiator    : HHH000026: Second-level cache disabled
2026-02-07T00:33:27.561Z  INFO 10693 --- [main] o.s.o.j.p.SpringPersistenceUnitInfo      : No LoadTimeWeaver setup: ignoring JPA class transformer
2026-02-07T00:33:27.564Z  INFO 10693 --- [main] com.zaxxer.hikari.HikariDataSource       : HikariPool-2 - Starting...
2026-02-07T00:33:27.569Z  INFO 10693 --- [main] com.zaxxer.hikari.pool.HikariPool        : HikariPool-2 - Added connection conn10: url=jdbc:h2:mem:testdb user=SA
2026-02-07T00:33:27.571Z  INFO 10693 --- [main] com.zaxxer.hikari.HikariDataSource       : HikariPool-2 - Start completed.
2026-02-07T00:33:27.690Z  INFO 10693 --- [main] o.h.e.t.j.p.i.JtaPlatformInitiator       : HHH000489: No JTA platform available (set 'hibernate.transaction.jta.platform' to enable JTA platform integration)
2026-02-07T00:33:27.696Z  INFO 10693 --- [main] j.LocalContainerEntityManagerFactoryBean : Initialized JPA EntityManagerFactory for persistence unit 'default'
2026-02-07T00:33:27.902Z  WARN 10693 --- [main] JpaBaseConfiguration$JpaWebConfiguration : spring.jpa.open-in-view is enabled by default. Therefore, database queries may be performed during view rendering. Explicitly configure spring.jpa.open-in-view to disable this warning
2026-02-07T00:33:28.345Z  INFO 10693 --- [main] c.f.a.demo.DemoApplicationTests          : Started DemoApplicationTests in 1.604 seconds (process running for 15.501)
2026-02-07T00:33:28.446Z  INFO 10693 --- [SpringApplicationShutdownHook] j.LocalContainerEntityManagerFactoryBean : Closing JPA EntityManagerFactory for persistence unit 'default'
2026-02-07T00:33:28.456Z  INFO 10693 --- [SpringApplicationShutdownHook] com.zaxxer.hikari.HikariDataSource       : HikariPool-1 - Shutdown initiated...
2026-02-07T00:33:28.471Z  INFO 10693 --- [SpringApplicationShutdownHook] com.zaxxer.hikari.HikariDataSource       : HikariPool-1 - Shutdown completed.
2026-02-07T00:33:28.495Z  INFO 10693 --- [SpringApplicationShutdownHook] j.LocalContainerEntityManagerFactoryBean : Closing JPA EntityManagerFactory for persistence unit 'default'
2026-02-07T00:33:28.498Z  INFO 10693 --- [SpringApplicationShutdownHook] com.zaxxer.hikari.HikariDataSource       : HikariPool-2 - Shutdown initiated...
2026-02-07T00:33:28.503Z  INFO 10693 --- [SpringApplicationShutdownHook] com.zaxxer.hikari.HikariDataSource       : HikariPool-2 - Shutdown completed.
